[DEBUG][23-02-14][org.apache.ibatis.logging.LogFactory]Logging initialized using 'class org.apache.ibatis.logging.log4j.Log4jImpl' adapter.
[DEBUG][23-02-14][org.apache.ibatis.logging.LogFactory]Logging initialized using 'class org.apache.ibatis.logging.log4j.Log4jImpl' adapter.
[DEBUG][23-02-14][org.apache.ibatis.datasource.pooled.PooledDataSource]PooledDataSource forcefully closed/removed all connections.
[DEBUG][23-02-14][org.apache.ibatis.datasource.pooled.PooledDataSource]PooledDataSource forcefully closed/removed all connections.
[DEBUG][23-02-14][org.apache.ibatis.datasource.pooled.PooledDataSource]PooledDataSource forcefully closed/removed all connections.
[DEBUG][23-02-14][org.apache.ibatis.datasource.pooled.PooledDataSource]PooledDataSource forcefully closed/removed all connections.
[DEBUG][23-02-14][org.apache.ibatis.logging.LogFactory]Logging initialized using 'class org.apache.ibatis.logging.log4j.Log4jImpl' adapter.
[DEBUG][23-02-14][org.apache.ibatis.logging.LogFactory]Logging initialized using 'class org.apache.ibatis.logging.log4j.Log4jImpl' adapter.
[DEBUG][23-02-14][org.apache.ibatis.datasource.pooled.PooledDataSource]PooledDataSource forcefully closed/removed all connections.
[DEBUG][23-02-14][org.apache.ibatis.datasource.pooled.PooledDataSource]PooledDataSource forcefully closed/removed all connections.
[DEBUG][23-02-14][org.apache.ibatis.datasource.pooled.PooledDataSource]PooledDataSource forcefully closed/removed all connections.
[DEBUG][23-02-14][org.apache.ibatis.datasource.pooled.PooledDataSource]PooledDataSource forcefully closed/removed all connections.
[DEBUG][23-02-14][org.apache.ibatis.logging.LogFactory]Logging initialized using 'class org.apache.ibatis.logging.log4j.Log4jImpl' adapter.
[DEBUG][23-02-14][org.apache.ibatis.logging.LogFactory]Logging initialized using 'class org.apache.ibatis.logging.log4j.Log4jImpl' adapter.
[DEBUG][23-02-14][org.apache.ibatis.datasource.pooled.PooledDataSource]PooledDataSource forcefully closed/removed all connections.
[DEBUG][23-02-14][org.apache.ibatis.datasource.pooled.PooledDataSource]PooledDataSource forcefully closed/removed all connections.
[DEBUG][23-02-14][org.apache.ibatis.datasource.pooled.PooledDataSource]PooledDataSource forcefully closed/removed all connections.
[DEBUG][23-02-14][org.apache.ibatis.datasource.pooled.PooledDataSource]PooledDataSource forcefully closed/removed all connections.
[DEBUG][23-02-14][org.apache.ibatis.transaction.jdbc.JdbcTransaction]Opening JDBC Connection
[DEBUG][23-02-14][org.apache.ibatis.datasource.pooled.PooledDataSource]Created connection 107994825.
[DEBUG][23-02-14][org.apache.ibatis.transaction.jdbc.JdbcTransaction]Setting autocommit to false on JDBC Connection [com.mysql.cj.jdbc.ConnectionImpl@66fdec9]
[DEBUG][23-02-14][com.ssgh.dao.BlogMapper.queryBlogIF]==>  Preparing: select * from mybatis.blog where 1 = 1 and title = ? and author = ?
[DEBUG][23-02-14][com.ssgh.dao.BlogMapper.queryBlogIF]==> Parameters: i love you(String), ssgh(String)
[DEBUG][23-02-14][com.ssgh.dao.BlogMapper.queryBlogIF]<==      Total: 1
[DEBUG][23-02-14][org.apache.ibatis.logging.LogFactory]Logging initialized using 'class org.apache.ibatis.logging.log4j.Log4jImpl' adapter.
[DEBUG][23-02-14][org.apache.ibatis.logging.LogFactory]Logging initialized using 'class org.apache.ibatis.logging.log4j.Log4jImpl' adapter.
[DEBUG][23-02-14][org.apache.ibatis.datasource.pooled.PooledDataSource]PooledDataSource forcefully closed/removed all connections.
[DEBUG][23-02-14][org.apache.ibatis.datasource.pooled.PooledDataSource]PooledDataSource forcefully closed/removed all connections.
[DEBUG][23-02-14][org.apache.ibatis.datasource.pooled.PooledDataSource]PooledDataSource forcefully closed/removed all connections.
[DEBUG][23-02-14][org.apache.ibatis.datasource.pooled.PooledDataSource]PooledDataSource forcefully closed/removed all connections.
[DEBUG][23-02-14][org.apache.ibatis.transaction.jdbc.JdbcTransaction]Opening JDBC Connection
[DEBUG][23-02-14][org.apache.ibatis.datasource.pooled.PooledDataSource]Created connection 295304806.
[DEBUG][23-02-14][org.apache.ibatis.transaction.jdbc.JdbcTransaction]Setting autocommit to false on JDBC Connection [com.mysql.cj.jdbc.ConnectionImpl@1199fe66]
[DEBUG][23-02-14][com.ssgh.dao.BlogMapper.queryBlogIF]==>  Preparing: select * from mybatis.blog where 1 = 1 and title = ? and author = ?
[DEBUG][23-02-14][com.ssgh.dao.BlogMapper.queryBlogIF]==> Parameters: i love you(String), ssgh(String)
[DEBUG][23-02-14][com.ssgh.dao.BlogMapper.queryBlogIF]<==      Total: 1
[DEBUG][23-02-14][org.apache.ibatis.transaction.jdbc.JdbcTransaction]Resetting autocommit to true on JDBC Connection [com.mysql.cj.jdbc.ConnectionImpl@1199fe66]
[DEBUG][23-02-14][org.apache.ibatis.transaction.jdbc.JdbcTransaction]Closing JDBC Connection [com.mysql.cj.jdbc.ConnectionImpl@1199fe66]
[DEBUG][23-02-14][org.apache.ibatis.datasource.pooled.PooledDataSource]Returned connection 295304806 to pool.
[DEBUG][23-02-14][org.apache.ibatis.logging.LogFactory]Logging initialized using 'class org.apache.ibatis.logging.log4j.Log4jImpl' adapter.
[DEBUG][23-02-14][org.apache.ibatis.logging.LogFactory]Logging initialized using 'class org.apache.ibatis.logging.log4j.Log4jImpl' adapter.
[DEBUG][23-02-14][org.apache.ibatis.datasource.pooled.PooledDataSource]PooledDataSource forcefully closed/removed all connections.
[DEBUG][23-02-14][org.apache.ibatis.datasource.pooled.PooledDataSource]PooledDataSource forcefully closed/removed all connections.
[DEBUG][23-02-14][org.apache.ibatis.datasource.pooled.PooledDataSource]PooledDataSource forcefully closed/removed all connections.
[DEBUG][23-02-14][org.apache.ibatis.datasource.pooled.PooledDataSource]PooledDataSource forcefully closed/removed all connections.
[DEBUG][23-02-14][org.apache.ibatis.transaction.jdbc.JdbcTransaction]Opening JDBC Connection
[DEBUG][23-02-14][org.apache.ibatis.datasource.pooled.PooledDataSource]Created connection 1632497828.
[DEBUG][23-02-14][org.apache.ibatis.transaction.jdbc.JdbcTransaction]Setting autocommit to false on JDBC Connection [com.mysql.cj.jdbc.ConnectionImpl@614df0a4]
[DEBUG][23-02-14][com.ssgh.dao.BlogMapper.queryBlogWhere]==>  Preparing: select * from blog WHERE title = ? and author = ?
[DEBUG][23-02-14][com.ssgh.dao.BlogMapper.queryBlogWhere]==> Parameters: i love you(String), ssgh(String)
[DEBUG][23-02-14][com.ssgh.dao.BlogMapper.queryBlogWhere]<==      Total: 1
[DEBUG][23-02-14][org.apache.ibatis.transaction.jdbc.JdbcTransaction]Resetting autocommit to true on JDBC Connection [com.mysql.cj.jdbc.ConnectionImpl@614df0a4]
[DEBUG][23-02-14][org.apache.ibatis.transaction.jdbc.JdbcTransaction]Closing JDBC Connection [com.mysql.cj.jdbc.ConnectionImpl@614df0a4]
[DEBUG][23-02-14][org.apache.ibatis.datasource.pooled.PooledDataSource]Returned connection 1632497828 to pool.
[DEBUG][23-02-14][org.apache.ibatis.logging.LogFactory]Logging initialized using 'class org.apache.ibatis.logging.log4j.Log4jImpl' adapter.
[DEBUG][23-02-14][org.apache.ibatis.logging.LogFactory]Logging initialized using 'class org.apache.ibatis.logging.log4j.Log4jImpl' adapter.
[DEBUG][23-02-14][org.apache.ibatis.datasource.pooled.PooledDataSource]PooledDataSource forcefully closed/removed all connections.
[DEBUG][23-02-14][org.apache.ibatis.datasource.pooled.PooledDataSource]PooledDataSource forcefully closed/removed all connections.
[DEBUG][23-02-14][org.apache.ibatis.datasource.pooled.PooledDataSource]PooledDataSource forcefully closed/removed all connections.
[DEBUG][23-02-14][org.apache.ibatis.datasource.pooled.PooledDataSource]PooledDataSource forcefully closed/removed all connections.
[DEBUG][23-02-14][org.apache.ibatis.transaction.jdbc.JdbcTransaction]Opening JDBC Connection
[DEBUG][23-02-14][org.apache.ibatis.datasource.pooled.PooledDataSource]Created connection 1566511282.
[DEBUG][23-02-14][org.apache.ibatis.transaction.jdbc.JdbcTransaction]Setting autocommit to false on JDBC Connection [com.mysql.cj.jdbc.ConnectionImpl@5d5f10b2]
[DEBUG][23-02-14][com.ssgh.dao.BlogMapper.updateBlog]==>  Preparing: update blog SET title = ? author = ? where id = ?
[DEBUG][23-02-14][com.ssgh.dao.BlogMapper.updateBlog]==> Parameters: i love you(String), ssgh(String), 1(Integer)
[DEBUG][23-02-14][org.apache.ibatis.logging.LogFactory]Logging initialized using 'class org.apache.ibatis.logging.log4j.Log4jImpl' adapter.
[DEBUG][23-02-14][org.apache.ibatis.logging.LogFactory]Logging initialized using 'class org.apache.ibatis.logging.log4j.Log4jImpl' adapter.
[DEBUG][23-02-14][org.apache.ibatis.datasource.pooled.PooledDataSource]PooledDataSource forcefully closed/removed all connections.
[DEBUG][23-02-14][org.apache.ibatis.datasource.pooled.PooledDataSource]PooledDataSource forcefully closed/removed all connections.
[DEBUG][23-02-14][org.apache.ibatis.datasource.pooled.PooledDataSource]PooledDataSource forcefully closed/removed all connections.
[DEBUG][23-02-14][org.apache.ibatis.datasource.pooled.PooledDataSource]PooledDataSource forcefully closed/removed all connections.
[DEBUG][23-02-14][org.apache.ibatis.transaction.jdbc.JdbcTransaction]Opening JDBC Connection
[DEBUG][23-02-14][org.apache.ibatis.datasource.pooled.PooledDataSource]Created connection 1566511282.
[DEBUG][23-02-14][org.apache.ibatis.transaction.jdbc.JdbcTransaction]Setting autocommit to false on JDBC Connection [com.mysql.cj.jdbc.ConnectionImpl@5d5f10b2]
[DEBUG][23-02-14][com.ssgh.dao.BlogMapper.updateBlog]==>  Preparing: update blog SET title = ? author = ? where id = ?
[DEBUG][23-02-14][com.ssgh.dao.BlogMapper.updateBlog]==> Parameters: i love you1(String), ssgh1(String), 1(Integer)
[DEBUG][23-02-14][org.apache.ibatis.logging.LogFactory]Logging initialized using 'class org.apache.ibatis.logging.log4j.Log4jImpl' adapter.
[DEBUG][23-02-14][org.apache.ibatis.logging.LogFactory]Logging initialized using 'class org.apache.ibatis.logging.log4j.Log4jImpl' adapter.
[DEBUG][23-02-14][org.apache.ibatis.datasource.pooled.PooledDataSource]PooledDataSource forcefully closed/removed all connections.
[DEBUG][23-02-14][org.apache.ibatis.datasource.pooled.PooledDataSource]PooledDataSource forcefully closed/removed all connections.
[DEBUG][23-02-14][org.apache.ibatis.datasource.pooled.PooledDataSource]PooledDataSource forcefully closed/removed all connections.
[DEBUG][23-02-14][org.apache.ibatis.datasource.pooled.PooledDataSource]PooledDataSource forcefully closed/removed all connections.
[DEBUG][23-02-14][org.apache.ibatis.transaction.jdbc.JdbcTransaction]Opening JDBC Connection
[DEBUG][23-02-14][org.apache.ibatis.datasource.pooled.PooledDataSource]Created connection 1566511282.
[DEBUG][23-02-14][org.apache.ibatis.transaction.jdbc.JdbcTransaction]Setting autocommit to false on JDBC Connection [com.mysql.cj.jdbc.ConnectionImpl@5d5f10b2]
[DEBUG][23-02-14][com.ssgh.dao.BlogMapper.updateBlog]==>  Preparing: update mybatis.blog SET title = ? author = ? where id = ?
[DEBUG][23-02-14][com.ssgh.dao.BlogMapper.updateBlog]==> Parameters: i love you1(String), ssgh1(String), 1(Integer)
[DEBUG][23-02-14][org.apache.ibatis.logging.LogFactory]Logging initialized using 'class org.apache.ibatis.logging.log4j.Log4jImpl' adapter.
[DEBUG][23-02-14][org.apache.ibatis.logging.LogFactory]Logging initialized using 'class org.apache.ibatis.logging.log4j.Log4jImpl' adapter.
[DEBUG][23-02-14][org.apache.ibatis.datasource.pooled.PooledDataSource]PooledDataSource forcefully closed/removed all connections.
[DEBUG][23-02-14][org.apache.ibatis.datasource.pooled.PooledDataSource]PooledDataSource forcefully closed/removed all connections.
[DEBUG][23-02-14][org.apache.ibatis.datasource.pooled.PooledDataSource]PooledDataSource forcefully closed/removed all connections.
[DEBUG][23-02-14][org.apache.ibatis.datasource.pooled.PooledDataSource]PooledDataSource forcefully closed/removed all connections.
[DEBUG][23-02-14][org.apache.ibatis.transaction.jdbc.JdbcTransaction]Opening JDBC Connection
[DEBUG][23-02-14][org.apache.ibatis.datasource.pooled.PooledDataSource]Created connection 1566511282.
[DEBUG][23-02-14][org.apache.ibatis.transaction.jdbc.JdbcTransaction]Setting autocommit to false on JDBC Connection [com.mysql.cj.jdbc.ConnectionImpl@5d5f10b2]
[DEBUG][23-02-14][com.ssgh.dao.BlogMapper.updateBlog]==>  Preparing: update mybatis.blog SET title = ?, author = ? where id = ?
[DEBUG][23-02-14][com.ssgh.dao.BlogMapper.updateBlog]==> Parameters: i love you11(String), ssgh11(String), 1(Integer)
[DEBUG][23-02-14][com.ssgh.dao.BlogMapper.updateBlog]<==    Updates: 1
[DEBUG][23-02-14][org.apache.ibatis.transaction.jdbc.JdbcTransaction]Committing JDBC Connection [com.mysql.cj.jdbc.ConnectionImpl@5d5f10b2]
[DEBUG][23-02-14][org.apache.ibatis.transaction.jdbc.JdbcTransaction]Resetting autocommit to true on JDBC Connection [com.mysql.cj.jdbc.ConnectionImpl@5d5f10b2]
[DEBUG][23-02-14][org.apache.ibatis.transaction.jdbc.JdbcTransaction]Closing JDBC Connection [com.mysql.cj.jdbc.ConnectionImpl@5d5f10b2]
[DEBUG][23-02-14][org.apache.ibatis.datasource.pooled.PooledDataSource]Returned connection 1566511282 to pool.
[DEBUG][23-02-14][org.apache.ibatis.logging.LogFactory]Logging initialized using 'class org.apache.ibatis.logging.log4j.Log4jImpl' adapter.
[DEBUG][23-02-14][org.apache.ibatis.logging.LogFactory]Logging initialized using 'class org.apache.ibatis.logging.log4j.Log4jImpl' adapter.
[DEBUG][23-02-14][org.apache.ibatis.datasource.pooled.PooledDataSource]PooledDataSource forcefully closed/removed all connections.
[DEBUG][23-02-14][org.apache.ibatis.datasource.pooled.PooledDataSource]PooledDataSource forcefully closed/removed all connections.
[DEBUG][23-02-14][org.apache.ibatis.datasource.pooled.PooledDataSource]PooledDataSource forcefully closed/removed all connections.
[DEBUG][23-02-14][org.apache.ibatis.datasource.pooled.PooledDataSource]PooledDataSource forcefully closed/removed all connections.
[DEBUG][23-02-14][org.apache.ibatis.transaction.jdbc.JdbcTransaction]Opening JDBC Connection
[DEBUG][23-02-14][org.apache.ibatis.datasource.pooled.PooledDataSource]Created connection 1632497828.
[DEBUG][23-02-14][org.apache.ibatis.transaction.jdbc.JdbcTransaction]Setting autocommit to false on JDBC Connection [com.mysql.cj.jdbc.ConnectionImpl@614df0a4]
[DEBUG][23-02-14][com.ssgh.dao.BlogMapper.queryBlogChose]==>  Preparing: select * from blog WHERE title = ?
[DEBUG][23-02-14][com.ssgh.dao.BlogMapper.queryBlogChose]==> Parameters: i love you11(String)
[DEBUG][23-02-14][com.ssgh.dao.BlogMapper.queryBlogChose]<==      Total: 1
[DEBUG][23-02-14][org.apache.ibatis.transaction.jdbc.JdbcTransaction]Resetting autocommit to true on JDBC Connection [com.mysql.cj.jdbc.ConnectionImpl@614df0a4]
[DEBUG][23-02-14][org.apache.ibatis.transaction.jdbc.JdbcTransaction]Closing JDBC Connection [com.mysql.cj.jdbc.ConnectionImpl@614df0a4]
[DEBUG][23-02-14][org.apache.ibatis.datasource.pooled.PooledDataSource]Returned connection 1632497828 to pool.
[DEBUG][23-02-14][org.apache.ibatis.logging.LogFactory]Logging initialized using 'class org.apache.ibatis.logging.log4j.Log4jImpl' adapter.
[DEBUG][23-02-14][org.apache.ibatis.logging.LogFactory]Logging initialized using 'class org.apache.ibatis.logging.log4j.Log4jImpl' adapter.
[DEBUG][23-02-14][org.apache.ibatis.datasource.pooled.PooledDataSource]PooledDataSource forcefully closed/removed all connections.
[DEBUG][23-02-14][org.apache.ibatis.datasource.pooled.PooledDataSource]PooledDataSource forcefully closed/removed all connections.
[DEBUG][23-02-14][org.apache.ibatis.datasource.pooled.PooledDataSource]PooledDataSource forcefully closed/removed all connections.
[DEBUG][23-02-14][org.apache.ibatis.datasource.pooled.PooledDataSource]PooledDataSource forcefully closed/removed all connections.
[DEBUG][23-02-14][org.apache.ibatis.transaction.jdbc.JdbcTransaction]Opening JDBC Connection
[DEBUG][23-02-14][org.apache.ibatis.datasource.pooled.PooledDataSource]Created connection 1632497828.
[DEBUG][23-02-14][org.apache.ibatis.transaction.jdbc.JdbcTransaction]Setting autocommit to false on JDBC Connection [com.mysql.cj.jdbc.ConnectionImpl@614df0a4]
[DEBUG][23-02-14][com.ssgh.dao.BlogMapper.queryBlogChose]==>  Preparing: select * from blog WHERE title = ?
[DEBUG][23-02-14][com.ssgh.dao.BlogMapper.queryBlogChose]==> Parameters: i love you1(String)
[DEBUG][23-02-14][com.ssgh.dao.BlogMapper.queryBlogChose]<==      Total: 0
[DEBUG][23-02-14][org.apache.ibatis.transaction.jdbc.JdbcTransaction]Resetting autocommit to true on JDBC Connection [com.mysql.cj.jdbc.ConnectionImpl@614df0a4]
[DEBUG][23-02-14][org.apache.ibatis.transaction.jdbc.JdbcTransaction]Closing JDBC Connection [com.mysql.cj.jdbc.ConnectionImpl@614df0a4]
[DEBUG][23-02-14][org.apache.ibatis.datasource.pooled.PooledDataSource]Returned connection 1632497828 to pool.
[DEBUG][23-02-14][org.apache.ibatis.logging.LogFactory]Logging initialized using 'class org.apache.ibatis.logging.log4j.Log4jImpl' adapter.
[DEBUG][23-02-14][org.apache.ibatis.logging.LogFactory]Logging initialized using 'class org.apache.ibatis.logging.log4j.Log4jImpl' adapter.
[DEBUG][23-02-14][org.apache.ibatis.datasource.pooled.PooledDataSource]PooledDataSource forcefully closed/removed all connections.
[DEBUG][23-02-14][org.apache.ibatis.datasource.pooled.PooledDataSource]PooledDataSource forcefully closed/removed all connections.
[DEBUG][23-02-14][org.apache.ibatis.datasource.pooled.PooledDataSource]PooledDataSource forcefully closed/removed all connections.
[DEBUG][23-02-14][org.apache.ibatis.datasource.pooled.PooledDataSource]PooledDataSource forcefully closed/removed all connections.
[DEBUG][23-02-14][org.apache.ibatis.transaction.jdbc.JdbcTransaction]Opening JDBC Connection
[DEBUG][23-02-14][org.apache.ibatis.datasource.pooled.PooledDataSource]Created connection 764826684.
[DEBUG][23-02-14][org.apache.ibatis.transaction.jdbc.JdbcTransaction]Setting autocommit to false on JDBC Connection [com.mysql.cj.jdbc.ConnectionImpl@2d96543c]
[DEBUG][23-02-14][com.ssgh.dao.BlogMapper.queryBlogChose]==>  Preparing: select * from blog WHERE author = ?
[DEBUG][23-02-14][com.ssgh.dao.BlogMapper.queryBlogChose]==> Parameters: ssgh11(String)
[DEBUG][23-02-14][com.ssgh.dao.BlogMapper.queryBlogChose]<==      Total: 1
[DEBUG][23-02-14][org.apache.ibatis.transaction.jdbc.JdbcTransaction]Resetting autocommit to true on JDBC Connection [com.mysql.cj.jdbc.ConnectionImpl@2d96543c]
[DEBUG][23-02-14][org.apache.ibatis.transaction.jdbc.JdbcTransaction]Closing JDBC Connection [com.mysql.cj.jdbc.ConnectionImpl@2d96543c]
[DEBUG][23-02-14][org.apache.ibatis.datasource.pooled.PooledDataSource]Returned connection 764826684 to pool.
[DEBUG][23-02-14][org.apache.ibatis.logging.LogFactory]Logging initialized using 'class org.apache.ibatis.logging.log4j.Log4jImpl' adapter.
[DEBUG][23-02-14][org.apache.ibatis.logging.LogFactory]Logging initialized using 'class org.apache.ibatis.logging.log4j.Log4jImpl' adapter.
[DEBUG][23-02-14][org.apache.ibatis.datasource.pooled.PooledDataSource]PooledDataSource forcefully closed/removed all connections.
[DEBUG][23-02-14][org.apache.ibatis.datasource.pooled.PooledDataSource]PooledDataSource forcefully closed/removed all connections.
[DEBUG][23-02-14][org.apache.ibatis.datasource.pooled.PooledDataSource]PooledDataSource forcefully closed/removed all connections.
[DEBUG][23-02-14][org.apache.ibatis.datasource.pooled.PooledDataSource]PooledDataSource forcefully closed/removed all connections.
[DEBUG][23-02-14][org.apache.ibatis.transaction.jdbc.JdbcTransaction]Opening JDBC Connection
[DEBUG][23-02-14][org.apache.ibatis.datasource.pooled.PooledDataSource]Created connection 295304806.
[DEBUG][23-02-14][org.apache.ibatis.transaction.jdbc.JdbcTransaction]Setting autocommit to false on JDBC Connection [com.mysql.cj.jdbc.ConnectionImpl@1199fe66]
[DEBUG][23-02-14][com.ssgh.dao.BlogMapper.queryBlogIF]==>  Preparing: select * from mybatis.blog where 1 = 1 and title = ? and author = ?
[DEBUG][23-02-14][com.ssgh.dao.BlogMapper.queryBlogIF]==> Parameters: i love you(String), ssgh(String)
[DEBUG][23-02-14][com.ssgh.dao.BlogMapper.queryBlogIF]<==      Total: 0
[DEBUG][23-02-14][org.apache.ibatis.transaction.jdbc.JdbcTransaction]Resetting autocommit to true on JDBC Connection [com.mysql.cj.jdbc.ConnectionImpl@1199fe66]
[DEBUG][23-02-14][org.apache.ibatis.transaction.jdbc.JdbcTransaction]Closing JDBC Connection [com.mysql.cj.jdbc.ConnectionImpl@1199fe66]
[DEBUG][23-02-14][org.apache.ibatis.datasource.pooled.PooledDataSource]Returned connection 295304806 to pool.
[DEBUG][23-02-14][org.apache.ibatis.logging.LogFactory]Logging initialized using 'class org.apache.ibatis.logging.log4j.Log4jImpl' adapter.
[DEBUG][23-02-14][org.apache.ibatis.logging.LogFactory]Logging initialized using 'class org.apache.ibatis.logging.log4j.Log4jImpl' adapter.
[DEBUG][23-02-14][org.apache.ibatis.datasource.pooled.PooledDataSource]PooledDataSource forcefully closed/removed all connections.
[DEBUG][23-02-14][org.apache.ibatis.datasource.pooled.PooledDataSource]PooledDataSource forcefully closed/removed all connections.
[DEBUG][23-02-14][org.apache.ibatis.datasource.pooled.PooledDataSource]PooledDataSource forcefully closed/removed all connections.
[DEBUG][23-02-14][org.apache.ibatis.datasource.pooled.PooledDataSource]PooledDataSource forcefully closed/removed all connections.
[DEBUG][23-02-14][org.apache.ibatis.transaction.jdbc.JdbcTransaction]Opening JDBC Connection
[DEBUG][23-02-14][org.apache.ibatis.datasource.pooled.PooledDataSource]Created connection 295304806.
[DEBUG][23-02-14][org.apache.ibatis.transaction.jdbc.JdbcTransaction]Setting autocommit to false on JDBC Connection [com.mysql.cj.jdbc.ConnectionImpl@1199fe66]
[DEBUG][23-02-14][com.ssgh.dao.BlogMapper.queryBlogIF]==>  Preparing: select * from mybatis.blog where 1 = 1 and title = ? and author = ?
[DEBUG][23-02-14][com.ssgh.dao.BlogMapper.queryBlogIF]==> Parameters: i love you11(String), ssgh11(String)
[DEBUG][23-02-14][com.ssgh.dao.BlogMapper.queryBlogIF]<==      Total: 1
[DEBUG][23-02-14][org.apache.ibatis.transaction.jdbc.JdbcTransaction]Resetting autocommit to true on JDBC Connection [com.mysql.cj.jdbc.ConnectionImpl@1199fe66]
[DEBUG][23-02-14][org.apache.ibatis.transaction.jdbc.JdbcTransaction]Closing JDBC Connection [com.mysql.cj.jdbc.ConnectionImpl@1199fe66]
[DEBUG][23-02-14][org.apache.ibatis.datasource.pooled.PooledDataSource]Returned connection 295304806 to pool.
